[2020-10-07T22:44:57-0700] DFHack 0.47.04-r2-0-gf2b0f012 on Windows; cwd md5: 9ee1df31c8; save: region4; SC_WORLD_UNLOADED; game type NONE (11)
[2020-10-14T22:28:37-0700] DFHack 0.47.04-r2-0-gf2b0f012 on Windows; cwd md5: 9ee1df31c8; save: region4; SC_WORLD_LOADED; game type DWARF_MAIN (0)
[2020-10-14T23:21:42-0700] DFHack 0.47.04-r2-0-gf2b0f012 on Windows; cwd md5: 9ee1df31c8; save: region4; SC_MAP_LOADED; game type DWARF_MAIN (0)
[2020-10-14T23:26:52-0700] DFHack 0.47.04-r2-0-gf2b0f012 on Windows; cwd md5: 9ee1df31c8; save: region4; SC_MAP_UNLOADED; game type DWARF_MAIN (0)
[2020-10-14T23:26:52-0700] DFHack 0.47.04-r2-0-gf2b0f012 on Windows; cwd md5: 9ee1df31c8; save: region4; SC_WORLD_UNLOADED; game type DWARF_MAIN (0)
[2020-10-27T22:08:54-0700] DFHack 0.47.04-r3-0-gb343d008 on Windows; cwd md5: f77c6e9fae; save: region4; SC_WORLD_LOADED; game type DWARF_MAIN (0)
[2020-10-27T22:08:54-0700] DFHack 0.47.04-r3-0-gb343d008 on Windows; cwd md5: f77c6e9fae; save: region4; SC_MAP_LOADED; game type DWARF_MAIN (0)
[2020-10-27T22:09:33-0700] DFHack 0.47.04-r3-0-gb343d008 on Windows; cwd md5: f77c6e9fae; save: region4; SC_MAP_UNLOADED; game type DWARF_MAIN (0)
[2020-10-27T22:09:33-0700] DFHack 0.47.04-r3-0-gb343d008 on Windows; cwd md5: f77c6e9fae; save: region4; SC_WORLD_UNLOADED; game type DWARF_MAIN (0)
[2020-10-27T22:11:22-0700] DFHack 0.47.04-r3-0-gb343d008 on Windows; cwd md5: f77c6e9fae; save: region4; SC_WORLD_LOADED; game type DWARF_MAIN (0)
[2020-10-27T22:11:22-0700] DFHack 0.47.04-r3-0-gb343d008 on Windows; cwd md5: f77c6e9fae; save: region4; SC_MAP_LOADED; game type DWARF_MAIN (0)
[2020-10-27T22:32:35-0700] DFHack 0.47.04-r3-0-gb343d008 on Windows; cwd md5: f77c6e9fae; save: region4; SC_MAP_UNLOADED; game type DWARF_MAIN (0)
[2020-10-27T22:32:35-0700] DFHack 0.47.04-r3-0-gb343d008 on Windows; cwd md5: f77c6e9fae; save: region4; SC_WORLD_UNLOADED; game type DWARF_MAIN (0)
[2020-10-28T15:50:07-0700] DFHack 0.47.04-r3-0-gb343d008 on Windows; cwd md5: f77c6e9fae; save: region4; SC_WORLD_LOADED; game type DWARF_MAIN (0)
[2020-10-28T15:50:07-0700] DFHack 0.47.04-r3-0-gb343d008 on Windows; cwd md5: f77c6e9fae; save: region4; SC_MAP_LOADED; game type DWARF_MAIN (0)
[2020-10-28T15:52:44-0700] DFHack 0.47.04-r3-0-gb343d008 on Windows; cwd md5: f77c6e9fae; save: region4; SC_MAP_UNLOADED; game type DWARF_MAIN (0)
[2020-10-28T15:52:44-0700] DFHack 0.47.04-r3-0-gb343d008 on Windows; cwd md5: f77c6e9fae; save: region4; SC_WORLD_UNLOADED; game type DWARF_MAIN (0)
[2022-01-05T22:13:52-0800] DFHack 0.47.05-r2-0-gdde58996 on Windows; cwd md5: 1d1d55a7c2; save: region4; SC_WORLD_LOADED; game type DWARF_MAIN (0)
[2022-01-05T22:13:53-0800] DFHack 0.47.05-r2-0-gdde58996 on Windows; cwd md5: 1d1d55a7c2; save: region4; SC_MAP_LOADED; game type DWARF_MAIN (0)
[2022-01-05T22:19:37-0800] DFHack 0.47.05-r2-0-gdde58996 on Windows; cwd md5: 1d1d55a7c2; save: region4; SC_MAP_UNLOADED; game type DWARF_MAIN (0)
[2022-01-05T22:19:37-0800] DFHack 0.47.05-r2-0-gdde58996 on Windows; cwd md5: 1d1d55a7c2; save: region4; SC_WORLD_UNLOADED; game type DWARF_MAIN (0)
[2022-03-07T02:53:15-0800] DFHack 0.47.05-r2-0-gdde58996 on Windows; cwd md5: 1d1d55a7c2; save: region4; SC_WORLD_LOADED; game type DWARF_MAIN (0)
[2022-03-07T02:53:15-0800] DFHack 0.47.05-r2-0-gdde58996 on Windows; cwd md5: 1d1d55a7c2; save: region4; SC_MAP_LOADED; game type DWARF_MAIN (0)
[2022-03-07T03:32:08-0800] DFHack 0.47.05-r2-0-gdde58996 on Windows; cwd md5: 1d1d55a7c2; save: region4; SC_MAP_UNLOADED; game type DWARF_MAIN (0)
[2022-03-07T03:32:08-0800] DFHack 0.47.05-r2-0-gdde58996 on Windows; cwd md5: 1d1d55a7c2; save: region4; SC_WORLD_UNLOADED; game type DWARF_MAIN (0)
[2022-03-07T22:57:59-0800] DFHack 0.47.05-r2-0-gdde58996 on Windows; cwd md5: 1d1d55a7c2; save: region4 - Snow mountain; SC_WORLD_LOADED; game type DWARF_MAIN (0)
[2022-03-07T22:58:00-0800] DFHack 0.47.05-r2-0-gdde58996 on Windows; cwd md5: 1d1d55a7c2; save: region4 - Snow mountain; SC_MAP_LOADED; game type DWARF_MAIN (0)
[2022-03-07T23:16:18-0800] DFHack 0.47.05-r2-0-gdde58996 on Windows; cwd md5: 1d1d55a7c2; save: region4 - Snow mountain; SC_MAP_UNLOADED; game type DWARF_MAIN (0)
[2022-03-07T23:16:18-0800] DFHack 0.47.05-r2-0-gdde58996 on Windows; cwd md5: 1d1d55a7c2; save: region4 - Snow mountain; SC_WORLD_UNLOADED; game type DWARF_MAIN (0)
[2022-03-09T00:21:09-0800] DFHack 0.47.05-r2-0-gdde58996 on Windows; cwd md5: 1d1d55a7c2; save: region4 - Snow mountain; SC_WORLD_LOADED; game type DWARF_MAIN (0)
[2022-03-09T00:21:09-0800] DFHack 0.47.05-r2-0-gdde58996 on Windows; cwd md5: 1d1d55a7c2; save: region4 - Snow mountain; SC_MAP_LOADED; game type DWARF_MAIN (0)
[2022-03-09T01:25:57-0800] DFHack 0.47.05-r2-0-gdde58996 on Windows; cwd md5: 1d1d55a7c2; save: region4 - Snow mountain; SC_MAP_UNLOADED; game type DWARF_MAIN (0)
[2022-03-09T01:25:57-0800] DFHack 0.47.05-r2-0-gdde58996 on Windows; cwd md5: 1d1d55a7c2; save: region4 - Snow mountain; SC_WORLD_UNLOADED; game type DWARF_MAIN (0)
[2022-06-11T03:20:19-0700] DFHack 0.47.05-r5-0-g585888c2 on Windows; cwd md5: d26bc9b26e; save: region4 - Snow mountain; SC_WORLD_LOADED; game type DWARF_MAIN (0)
[2022-06-11T03:20:19-0700] DFHack 0.47.05-r5-0-g585888c2 on Windows; cwd md5: d26bc9b26e; save: region4 - Snow mountain; SC_MAP_LOADED; game type DWARF_MAIN (0)
[2022-06-11T03:46:24-0700] DFHack 0.47.05-r5-0-g585888c2 on Windows; cwd md5: d26bc9b26e; save: region4 - Snow mountain; SC_MAP_UNLOADED; game type DWARF_MAIN (0)
[2022-06-11T03:46:24-0700] DFHack 0.47.05-r5-0-g585888c2 on Windows; cwd md5: d26bc9b26e; save: region4 - Snow mountain; SC_WORLD_UNLOADED; game type DWARF_MAIN (0)
[2022-06-11T23:00:34-0700] DFHack 0.47.05-r5-0-g585888c2 on Windows; cwd md5: d26bc9b26e; save: region4 - Snow mountain; SC_WORLD_LOADED; game type DWARF_MAIN (0)
[2022-06-11T23:00:34-0700] DFHack 0.47.05-r5-0-g585888c2 on Windows; cwd md5: d26bc9b26e; save: region4 - Snow mountain; SC_MAP_LOADED; game type DWARF_MAIN (0)
[2022-06-11T23:58:00-0700] DFHack 0.47.05-r5-0-g585888c2 on Windows; cwd md5: d26bc9b26e; save: region4 - Snow mountain; SC_MAP_UNLOADED; game type DWARF_MAIN (0)
[2022-06-11T23:58:00-0700] DFHack 0.47.05-r5-0-g585888c2 on Windows; cwd md5: d26bc9b26e; save: region4 - Snow mountain; SC_WORLD_UNLOADED; game type DWARF_MAIN (0)
[2022-06-12T14:49:01-0700] DFHack 0.47.05-r5-0-g585888c2 on Windows; cwd md5: d26bc9b26e; save: region4 - Snow mountain; SC_WORLD_LOADED; game type DWARF_MAIN (0)
[2022-06-12T14:49:01-0700] DFHack 0.47.05-r5-0-g585888c2 on Windows; cwd md5: d26bc9b26e; save: region4 - Snow mountain; SC_MAP_LOADED; game type DWARF_MAIN (0)
[2022-06-12T15:10:08-0700] DFHack 0.47.05-r5-0-g585888c2 on Windows; cwd md5: d26bc9b26e; save: region4 - Snow mountain; SC_MAP_UNLOADED; game type DWARF_MAIN (0)
[2022-06-12T15:10:08-0700] DFHack 0.47.05-r5-0-g585888c2 on Windows; cwd md5: d26bc9b26e; save: region4 - Snow mountain; SC_WORLD_UNLOADED; game type DWARF_MAIN (0)
[2022-06-12T21:16:40-0700] DFHack 0.47.05-r5-0-g585888c2 on Windows; cwd md5: d26bc9b26e; save: region4 - Snow mountain; SC_WORLD_LOADED; game type DWARF_MAIN (0)
[2022-06-12T21:16:40-0700] DFHack 0.47.05-r5-0-g585888c2 on Windows; cwd md5: d26bc9b26e; save: region4 - Snow mountain; SC_MAP_LOADED; game type DWARF_MAIN (0)
[2022-06-12T23:59:33-0700] DFHack 0.47.05-r5-0-g585888c2 on Windows; cwd md5: d26bc9b26e; save: region4 - Snow mountain; SC_MAP_UNLOADED; game type DWARF_MAIN (0)
[2022-06-12T23:59:33-0700] DFHack 0.47.05-r5-0-g585888c2 on Windows; cwd md5: d26bc9b26e; save: region4 - Snow mountain; SC_WORLD_UNLOADED; game type DWARF_MAIN (0)
[2022-06-13T15:59:25-0700] DFHack 0.47.05-r5-0-g585888c2 on Windows; cwd md5: d26bc9b26e; save: region4 - Snow mountain; SC_WORLD_LOADED; game type DWARF_MAIN (0)
[2022-06-13T15:59:25-0700] DFHack 0.47.05-r5-0-g585888c2 on Windows; cwd md5: d26bc9b26e; save: region4 - Snow mountain; SC_MAP_LOADED; game type DWARF_MAIN (0)
[2022-06-13T17:03:23-0700] DFHack 0.47.05-r5-0-g585888c2 on Windows; cwd md5: d26bc9b26e; save: region4 - Snow mountain; SC_MAP_UNLOADED; game type DWARF_MAIN (0)
[2022-06-13T17:03:23-0700] DFHack 0.47.05-r5-0-g585888c2 on Windows; cwd md5: d26bc9b26e; save: region4 - Snow mountain; SC_WORLD_UNLOADED; game type DWARF_MAIN (0)
[2022-06-15T02:46:54-0700] DFHack 0.47.05-r5-0-g585888c2 on Windows; cwd md5: d26bc9b26e; save: region4 - Snow mountain; SC_WORLD_LOADED; game type DWARF_MAIN (0)
[2022-06-15T02:46:54-0700] DFHack 0.47.05-r5-0-g585888c2 on Windows; cwd md5: d26bc9b26e; save: region4 - Snow mountain; SC_MAP_LOADED; game type DWARF_MAIN (0)
[2022-06-15T03:09:35-0700] DFHack 0.47.05-r5-0-g585888c2 on Windows; cwd md5: d26bc9b26e; save: region4 - Snow mountain; SC_MAP_UNLOADED; game type DWARF_MAIN (0)
[2022-06-15T03:09:35-0700] DFHack 0.47.05-r5-0-g585888c2 on Windows; cwd md5: d26bc9b26e; save: region4 - Snow mountain; SC_WORLD_UNLOADED; game type DWARF_MAIN (0)
[2022-06-15T03:18:29-0700] DFHack 0.47.05-r5-0-g585888c2 on Windows; cwd md5: d26bc9b26e; save: region4 - Snow mountain; SC_WORLD_LOADED; game type DWARF_MAIN (0)
[2022-06-15T03:18:30-0700] DFHack 0.47.05-r5-0-g585888c2 on Windows; cwd md5: d26bc9b26e; save: region4 - Snow mountain; SC_MAP_LOADED; game type DWARF_MAIN (0)
[2022-06-15T03:22:17-0700] DFHack 0.47.05-r5-0-g585888c2 on Windows; cwd md5: d26bc9b26e; save: region4 - Snow mountain; SC_MAP_UNLOADED; game type DWARF_MAIN (0)
[2022-06-15T03:22:17-0700] DFHack 0.47.05-r5-0-g585888c2 on Windows; cwd md5: d26bc9b26e; save: region4 - Snow mountain; SC_WORLD_UNLOADED; game type DWARF_MAIN (0)
[2022-06-15T16:03:03-0700] DFHack 0.47.05-r5-0-g585888c2 on Windows; cwd md5: d26bc9b26e; save: region4 - Snow mountain; SC_WORLD_LOADED; game type DWARF_MAIN (0)
[2022-06-15T16:03:03-0700] DFHack 0.47.05-r5-0-g585888c2 on Windows; cwd md5: d26bc9b26e; save: region4 - Snow mountain; SC_MAP_LOADED; game type DWARF_MAIN (0)
[2022-06-15T16:23:02-0700] DFHack 0.47.05-r5-0-g585888c2 on Windows; cwd md5: d26bc9b26e; save: region4 - Snow mountain; SC_MAP_UNLOADED; game type DWARF_MAIN (0)
[2022-06-15T16:23:02-0700] DFHack 0.47.05-r5-0-g585888c2 on Windows; cwd md5: d26bc9b26e; save: region4 - Snow mountain; SC_WORLD_UNLOADED; game type DWARF_MAIN (0)
[2022-06-15T17:16:56-0700] DFHack 0.47.05-r5-0-g585888c2 on Windows; cwd md5: d26bc9b26e; save: region4 - Snow mountain; SC_WORLD_LOADED; game type DWARF_MAIN (0)
[2022-06-15T17:16:57-0700] DFHack 0.47.05-r5-0-g585888c2 on Windows; cwd md5: d26bc9b26e; save: region4 - Snow mountain; SC_MAP_LOADED; game type DWARF_MAIN (0)
[2022-06-15T17:35:20-0700] DFHack 0.47.05-r5-0-g585888c2 on Windows; cwd md5: d26bc9b26e; save: region4 - Snow mountain; SC_MAP_UNLOADED; game type DWARF_MAIN (0)
[2022-06-15T17:35:20-0700] DFHack 0.47.05-r5-0-g585888c2 on Windows; cwd md5: d26bc9b26e; save: region4 - Snow mountain; SC_WORLD_UNLOADED; game type DWARF_MAIN (0)
[2022-06-15T22:24:42-0700] DFHack 0.47.05-r5-0-g585888c2 on Windows; cwd md5: d26bc9b26e; save: region4 - Snow mountain; SC_WORLD_LOADED; game type DWARF_MAIN (0)
[2022-06-15T22:24:42-0700] DFHack 0.47.05-r5-0-g585888c2 on Windows; cwd md5: d26bc9b26e; save: region4 - Snow mountain; SC_MAP_LOADED; game type DWARF_MAIN (0)
[2022-06-15T23:17:15-0700] DFHack 0.47.05-r5-0-g585888c2 on Windows; cwd md5: d26bc9b26e; save: region4 - Snow mountain; SC_MAP_UNLOADED; game type DWARF_MAIN (0)
[2022-06-15T23:17:15-0700] DFHack 0.47.05-r5-0-g585888c2 on Windows; cwd md5: d26bc9b26e; save: region4 - Snow mountain; SC_WORLD_UNLOADED; game type DWARF_MAIN (0)
[2022-06-16T03:41:19-0700] DFHack 0.47.05-r5-0-g585888c2 on Windows; cwd md5: d26bc9b26e; save: region4 - Snow mountain; SC_WORLD_LOADED; game type DWARF_MAIN (0)
[2022-06-16T03:41:19-0700] DFHack 0.47.05-r5-0-g585888c2 on Windows; cwd md5: d26bc9b26e; save: region4 - Snow mountain; SC_MAP_LOADED; game type DWARF_MAIN (0)
[2022-06-16T04:02:53-0700] DFHack 0.47.05-r5-0-g585888c2 on Windows; cwd md5: d26bc9b26e; save: region4 - Snow mountain; SC_MAP_UNLOADED; game type DWARF_MAIN (0)
[2022-06-16T04:02:53-0700] DFHack 0.47.05-r5-0-g585888c2 on Windows; cwd md5: d26bc9b26e; save: region4 - Snow mountain; SC_WORLD_UNLOADED; game type DWARF_MAIN (0)
[2022-06-16T15:53:18-0700] DFHack 0.47.05-r5-0-g585888c2 on Windows; cwd md5: d26bc9b26e; save: region4 - Snow mountain; SC_WORLD_LOADED; game type DWARF_MAIN (0)
[2022-06-16T15:53:18-0700] DFHack 0.47.05-r5-0-g585888c2 on Windows; cwd md5: d26bc9b26e; save: region4 - Snow mountain; SC_MAP_LOADED; game type DWARF_MAIN (0)
[2022-06-16T16:04:08-0700] DFHack 0.47.05-r5-0-g585888c2 on Windows; cwd md5: d26bc9b26e; save: region4 - Snow mountain; SC_MAP_UNLOADED; game type DWARF_MAIN (0)
[2022-06-16T16:04:08-0700] DFHack 0.47.05-r5-0-g585888c2 on Windows; cwd md5: d26bc9b26e; save: region4 - Snow mountain; SC_WORLD_UNLOADED; game type DWARF_MAIN (0)
[2022-06-17T16:02:45-0700] DFHack 0.47.05-r5-0-g585888c2 on Windows; cwd md5: d26bc9b26e; save: region4 - Snow mountain; SC_WORLD_LOADED; game type DWARF_MAIN (0)
[2022-06-17T16:02:46-0700] DFHack 0.47.05-r5-0-g585888c2 on Windows; cwd md5: d26bc9b26e; save: region4 - Snow mountain; SC_MAP_LOADED; game type DWARF_MAIN (0)
[2022-06-17T16:11:40-0700] DFHack 0.47.05-r5-0-g585888c2 on Windows; cwd md5: d26bc9b26e; save: region4 - Snow mountain; SC_MAP_UNLOADED; game type DWARF_MAIN (0)
[2022-06-17T16:11:40-0700] DFHack 0.47.05-r5-0-g585888c2 on Windows; cwd md5: d26bc9b26e; save: region4 - Snow mountain; SC_WORLD_UNLOADED; game type DWARF_MAIN (0)
[2022-06-17T17:28:03-0700] DFHack 0.47.05-r5-0-g585888c2 on Windows; cwd md5: d26bc9b26e; save: region4 - Snow mountain; SC_WORLD_LOADED; game type DWARF_MAIN (0)
[2022-06-17T17:28:03-0700] DFHack 0.47.05-r5-0-g585888c2 on Windows; cwd md5: d26bc9b26e; save: region4 - Snow mountain; SC_MAP_LOADED; game type DWARF_MAIN (0)
[2022-06-17T18:07:05-0700] DFHack 0.47.05-r5-0-g585888c2 on Windows; cwd md5: d26bc9b26e; save: region4 - Snow mountain; SC_MAP_UNLOADED; game type DWARF_MAIN (0)
[2022-06-17T18:07:05-0700] DFHack 0.47.05-r5-0-g585888c2 on Windows; cwd md5: d26bc9b26e; save: region4 - Snow mountain; SC_WORLD_UNLOADED; game type DWARF_MAIN (0)
[2022-06-17T18:07:58-0700] DFHack 0.47.05-r5-0-g585888c2 on Windows; cwd md5: d26bc9b26e; save: region4 - Snow mountain; SC_WORLD_LOADED; game type DWARF_MAIN (0)
[2022-06-17T18:07:59-0700] DFHack 0.47.05-r5-0-g585888c2 on Windows; cwd md5: d26bc9b26e; save: region4 - Snow mountain; SC_MAP_LOADED; game type DWARF_MAIN (0)
[2022-06-17T18:45:34-0700] DFHack 0.47.05-r5-0-g585888c2 on Windows; cwd md5: d26bc9b26e; save: region4 - Snow mountain; SC_MAP_UNLOADED; game type DWARF_MAIN (0)
[2022-06-17T18:45:34-0700] DFHack 0.47.05-r5-0-g585888c2 on Windows; cwd md5: d26bc9b26e; save: region4 - Snow mountain; SC_WORLD_UNLOADED; game type DWARF_MAIN (0)
[2022-06-17T19:16:32-0700] DFHack 0.47.05-r5-0-g585888c2 on Windows; cwd md5: d26bc9b26e; save: region4 - Snow mountain; SC_WORLD_LOADED; game type DWARF_MAIN (0)
[2022-06-17T19:16:32-0700] DFHack 0.47.05-r5-0-g585888c2 on Windows; cwd md5: d26bc9b26e; save: region4 - Snow mountain; SC_MAP_LOADED; game type DWARF_MAIN (0)
[2022-06-17T19:45:02-0700] DFHack 0.47.05-r5-0-g585888c2 on Windows; cwd md5: d26bc9b26e; save: region4 - Snow mountain; SC_MAP_UNLOADED; game type DWARF_MAIN (0)
[2022-06-17T19:45:02-0700] DFHack 0.47.05-r5-0-g585888c2 on Windows; cwd md5: d26bc9b26e; save: region4 - Snow mountain; SC_WORLD_UNLOADED; game type DWARF_MAIN (0)
[2022-06-17T19:46:02-0700] DFHack 0.47.05-r5-0-g585888c2 on Windows; cwd md5: d26bc9b26e; save: region4 - Snow mountain; SC_WORLD_LOADED; game type DWARF_MAIN (0)
[2022-06-17T19:46:03-0700] DFHack 0.47.05-r5-0-g585888c2 on Windows; cwd md5: d26bc9b26e; save: region4 - Snow mountain; SC_MAP_LOADED; game type DWARF_MAIN (0)
[2022-06-17T20:31:45-0700] DFHack 0.47.05-r5-0-g585888c2 on Windows; cwd md5: d26bc9b26e; save: region4 - Snow mountain; SC_MAP_UNLOADED; game type DWARF_MAIN (0)
[2022-06-17T20:31:45-0700] DFHack 0.47.05-r5-0-g585888c2 on Windows; cwd md5: d26bc9b26e; save: region4 - Snow mountain; SC_WORLD_UNLOADED; game type DWARF_MAIN (0)
[2022-06-17T20:32:40-0700] DFHack 0.47.05-r5-0-g585888c2 on Windows; cwd md5: d26bc9b26e; save: region4 - Snow mountain; SC_WORLD_LOADED; game type DWARF_MAIN (0)
[2022-06-17T20:32:41-0700] DFHack 0.47.05-r5-0-g585888c2 on Windows; cwd md5: d26bc9b26e; save: region4 - Snow mountain; SC_MAP_LOADED; game type DWARF_MAIN (0)
[2022-06-17T20:35:05-0700] DFHack 0.47.05-r5-0-g585888c2 on Windows; cwd md5: d26bc9b26e; save: region4 - Snow mountain; SC_MAP_UNLOADED; game type DWARF_MAIN (0)
[2022-06-17T20:35:05-0700] DFHack 0.47.05-r5-0-g585888c2 on Windows; cwd md5: d26bc9b26e; save: region4 - Snow mountain; SC_WORLD_UNLOADED; game type DWARF_MAIN (0)
[2022-06-17T21:25:49-0700] DFHack 0.47.05-r5-0-g585888c2 on Windows; cwd md5: d26bc9b26e; save: region4 - Snow mountain; SC_WORLD_LOADED; game type DWARF_MAIN (0)
[2022-06-17T21:25:50-0700] DFHack 0.47.05-r5-0-g585888c2 on Windows; cwd md5: d26bc9b26e; save: region4 - Snow mountain; SC_MAP_LOADED; game type DWARF_MAIN (0)
[2022-06-18T00:30:26-0700] DFHack 0.47.05-r5-0-g585888c2 on Windows; cwd md5: d26bc9b26e; save: region4 - Snow mountain; SC_MAP_UNLOADED; game type DWARF_MAIN (0)
[2022-06-18T00:30:26-0700] DFHack 0.47.05-r5-0-g585888c2 on Windows; cwd md5: d26bc9b26e; save: region4 - Snow mountain; SC_WORLD_UNLOADED; game type DWARF_MAIN (0)
[2022-06-18T00:32:16-0700] DFHack 0.47.05-r5-0-g585888c2 on Windows; cwd md5: d26bc9b26e; save: region4 - Snow mountain; SC_WORLD_LOADED; game type DWARF_MAIN (0)
[2022-06-18T00:32:16-0700] DFHack 0.47.05-r5-0-g585888c2 on Windows; cwd md5: d26bc9b26e; save: region4 - Snow mountain; SC_MAP_LOADED; game type DWARF_MAIN (0)
[2022-06-18T01:16:19-0700] DFHack 0.47.05-r5-0-g585888c2 on Windows; cwd md5: d26bc9b26e; save: region4 - Snow mountain; SC_MAP_UNLOADED; game type DWARF_MAIN (0)
[2022-06-18T01:16:19-0700] DFHack 0.47.05-r5-0-g585888c2 on Windows; cwd md5: d26bc9b26e; save: region4 - Snow mountain; SC_WORLD_UNLOADED; game type DWARF_MAIN (0)
[2022-06-18T01:17:54-0700] DFHack 0.47.05-r5-0-g585888c2 on Windows; cwd md5: d26bc9b26e; save: region4 - Snow mountain; SC_WORLD_LOADED; game type DWARF_MAIN (0)
[2022-06-18T01:17:55-0700] DFHack 0.47.05-r5-0-g585888c2 on Windows; cwd md5: d26bc9b26e; save: region4 - Snow mountain; SC_MAP_LOADED; game type DWARF_MAIN (0)
[2022-06-18T01:43:41-0700] DFHack 0.47.05-r5-0-g585888c2 on Windows; cwd md5: d26bc9b26e; save: region4 - Snow mountain; SC_MAP_UNLOADED; game type DWARF_MAIN (0)
[2022-06-18T01:43:41-0700] DFHack 0.47.05-r5-0-g585888c2 on Windows; cwd md5: d26bc9b26e; save: region4 - Snow mountain; SC_WORLD_UNLOADED; game type DWARF_MAIN (0)
[2022-06-18T01:44:41-0700] DFHack 0.47.05-r5-0-g585888c2 on Windows; cwd md5: d26bc9b26e; save: region4 - Snow mountain; SC_WORLD_LOADED; game type DWARF_MAIN (0)
[2022-06-18T01:44:42-0700] DFHack 0.47.05-r5-0-g585888c2 on Windows; cwd md5: d26bc9b26e; save: region4 - Snow mountain; SC_MAP_LOADED; game type DWARF_MAIN (0)
[2022-06-18T02:05:29-0700] DFHack 0.47.05-r5-0-g585888c2 on Windows; cwd md5: d26bc9b26e; save: region4 - Snow mountain; SC_MAP_UNLOADED; game type DWARF_MAIN (0)
[2022-06-18T02:05:29-0700] DFHack 0.47.05-r5-0-g585888c2 on Windows; cwd md5: d26bc9b26e; save: region4 - Snow mountain; SC_WORLD_UNLOADED; game type DWARF_MAIN (0)
[2022-06-18T02:08:02-0700] DFHack 0.47.05-r5-0-g585888c2 on Windows; cwd md5: d26bc9b26e; save: region4 - Snow mountain; SC_WORLD_LOADED; game type DWARF_MAIN (0)
[2022-06-18T02:08:03-0700] DFHack 0.47.05-r5-0-g585888c2 on Windows; cwd md5: d26bc9b26e; save: region4 - Snow mountain; SC_MAP_LOADED; game type DWARF_MAIN (0)
[2022-06-18T02:33:20-0700] DFHack 0.47.05-r5-0-g585888c2 on Windows; cwd md5: d26bc9b26e; save: region4 - Snow mountain; SC_MAP_UNLOADED; game type DWARF_MAIN (0)
[2022-06-18T02:33:20-0700] DFHack 0.47.05-r5-0-g585888c2 on Windows; cwd md5: d26bc9b26e; save: region4 - Snow mountain; SC_WORLD_UNLOADED; game type DWARF_MAIN (0)
[2022-06-18T03:13:47-0700] DFHack 0.47.05-r5-0-g585888c2 on Windows; cwd md5: d26bc9b26e; save: region4 - Snow mountain; SC_WORLD_LOADED; game type DWARF_MAIN (0)
[2022-06-18T03:13:47-0700] DFHack 0.47.05-r5-0-g585888c2 on Windows; cwd md5: d26bc9b26e; save: region4 - Snow mountain; SC_MAP_LOADED; game type DWARF_MAIN (0)
[2022-06-18T04:48:49-0700] DFHack 0.47.05-r5-0-g585888c2 on Windows; cwd md5: d26bc9b26e; save: region4 - Snow mountain; SC_MAP_UNLOADED; game type DWARF_MAIN (0)
[2022-06-18T04:48:49-0700] DFHack 0.47.05-r5-0-g585888c2 on Windows; cwd md5: d26bc9b26e; save: region4 - Snow mountain; SC_WORLD_UNLOADED; game type DWARF_MAIN (0)
[2022-06-18T19:51:01-0700] DFHack 0.47.05-r5-0-g585888c2 on Windows; cwd md5: d26bc9b26e; save: region4 - Snow mountain; SC_WORLD_LOADED; game type DWARF_MAIN (0)
[2022-06-18T19:51:01-0700] DFHack 0.47.05-r5-0-g585888c2 on Windows; cwd md5: d26bc9b26e; save: region4 - Snow mountain; SC_MAP_LOADED; game type DWARF_MAIN (0)
[2022-06-18T20:42:23-0700] DFHack 0.47.05-r5-0-g585888c2 on Windows; cwd md5: d26bc9b26e; save: region4 - Snow mountain; SC_MAP_UNLOADED; game type DWARF_MAIN (0)
[2022-06-18T20:42:23-0700] DFHack 0.47.05-r5-0-g585888c2 on Windows; cwd md5: d26bc9b26e; save: region4 - Snow mountain; SC_WORLD_UNLOADED; game type DWARF_MAIN (0)
[2022-06-19T00:46:50-0700] DFHack 0.47.05-r5-0-g585888c2 on Windows; cwd md5: d26bc9b26e; save: region4 - Snow mountain; SC_WORLD_LOADED; game type DWARF_MAIN (0)
[2022-06-19T00:46:50-0700] DFHack 0.47.05-r5-0-g585888c2 on Windows; cwd md5: d26bc9b26e; save: region4 - Snow mountain; SC_MAP_LOADED; game type DWARF_MAIN (0)
[2022-06-19T01:05:36-0700] DFHack 0.47.05-r5-0-g585888c2 on Windows; cwd md5: d26bc9b26e; save: region4 - Snow mountain; SC_MAP_UNLOADED; game type DWARF_MAIN (0)
[2022-06-19T01:05:36-0700] DFHack 0.47.05-r5-0-g585888c2 on Windows; cwd md5: d26bc9b26e; save: region4 - Snow mountain; SC_WORLD_UNLOADED; game type DWARF_MAIN (0)
[2022-06-19T01:24:53-0700] DFHack 0.47.05-r5-0-g585888c2 on Windows; cwd md5: d26bc9b26e; save: region4 - Snow mountain; SC_WORLD_LOADED; game type DWARF_MAIN (0)
[2022-06-19T01:24:53-0700] DFHack 0.47.05-r5-0-g585888c2 on Windows; cwd md5: d26bc9b26e; save: region4 - Snow mountain; SC_MAP_LOADED; game type DWARF_MAIN (0)
[2022-06-19T01:29:25-0700] DFHack 0.47.05-r5-0-g585888c2 on Windows; cwd md5: d26bc9b26e; save: region4 - Snow mountain; SC_MAP_UNLOADED; game type DWARF_MAIN (0)
[2022-06-19T01:29:25-0700] DFHack 0.47.05-r5-0-g585888c2 on Windows; cwd md5: d26bc9b26e; save: region4 - Snow mountain; SC_WORLD_UNLOADED; game type DWARF_MAIN (0)
[2022-06-19T03:35:07-0700] DFHack 0.47.05-r5-0-g585888c2 on Windows; cwd md5: d26bc9b26e; save: region4 - Snow mountain; SC_WORLD_LOADED; game type DWARF_MAIN (0)
[2022-06-19T03:35:07-0700] DFHack 0.47.05-r5-0-g585888c2 on Windows; cwd md5: d26bc9b26e; save: region4 - Snow mountain; SC_MAP_LOADED; game type DWARF_MAIN (0)
[2022-06-19T03:58:49-0700] DFHack 0.47.05-r5-0-g585888c2 on Windows; cwd md5: d26bc9b26e; save: region4 - Snow mountain; SC_MAP_UNLOADED; game type DWARF_MAIN (0)
[2022-06-19T03:58:49-0700] DFHack 0.47.05-r5-0-g585888c2 on Windows; cwd md5: d26bc9b26e; save: region4 - Snow mountain; SC_WORLD_UNLOADED; game type DWARF_MAIN (0)
[2022-06-19T03:59:46-0700] DFHack 0.47.05-r5-0-g585888c2 on Windows; cwd md5: d26bc9b26e; save: region4 - Snow mountain; SC_WORLD_LOADED; game type DWARF_MAIN (0)
[2022-06-19T03:59:47-0700] DFHack 0.47.05-r5-0-g585888c2 on Windows; cwd md5: d26bc9b26e; save: region4 - Snow mountain; SC_MAP_LOADED; game type DWARF_MAIN (0)
[2022-06-19T05:07:29-0700] DFHack 0.47.05-r5-0-g585888c2 on Windows; cwd md5: d26bc9b26e; save: region4 - Snow mountain; SC_MAP_UNLOADED; game type DWARF_MAIN (0)
[2022-06-19T05:07:29-0700] DFHack 0.47.05-r5-0-g585888c2 on Windows; cwd md5: d26bc9b26e; save: region4 - Snow mountain; SC_WORLD_UNLOADED; game type DWARF_MAIN (0)
[2022-06-19T05:09:30-0700] DFHack 0.47.05-r5-0-g585888c2 on Windows; cwd md5: d26bc9b26e; save: region4 - Snow mountain; SC_WORLD_LOADED; game type DWARF_MAIN (0)
[2022-06-19T05:09:31-0700] DFHack 0.47.05-r5-0-g585888c2 on Windows; cwd md5: d26bc9b26e; save: region4 - Snow mountain; SC_MAP_LOADED; game type DWARF_MAIN (0)
[2022-06-19T05:22:36-0700] DFHack 0.47.05-r5-0-g585888c2 on Windows; cwd md5: d26bc9b26e; save: region4 - Snow mountain; SC_MAP_UNLOADED; game type DWARF_MAIN (0)
[2022-06-19T05:22:36-0700] DFHack 0.47.05-r5-0-g585888c2 on Windows; cwd md5: d26bc9b26e; save: region4 - Snow mountain; SC_WORLD_UNLOADED; game type DWARF_MAIN (0)
[2022-06-19T19:31:57-0700] DFHack 0.47.05-r5-0-g585888c2 on Windows; cwd md5: d26bc9b26e; save: region4 - Snow mountain; SC_WORLD_LOADED; game type DWARF_MAIN (0)
[2022-06-19T19:31:58-0700] DFHack 0.47.05-r5-0-g585888c2 on Windows; cwd md5: d26bc9b26e; save: region4 - Snow mountain; SC_MAP_LOADED; game type DWARF_MAIN (0)
[2022-06-19T19:37:44-0700] DFHack 0.47.05-r5-0-g585888c2 on Windows; cwd md5: d26bc9b26e; save: region4 - Snow mountain; SC_MAP_UNLOADED; game type DWARF_MAIN (0)
[2022-06-19T19:37:44-0700] DFHack 0.47.05-r5-0-g585888c2 on Windows; cwd md5: d26bc9b26e; save: region4 - Snow mountain; SC_WORLD_UNLOADED; game type DWARF_MAIN (0)
[2022-06-19T19:38:50-0700] DFHack 0.47.05-r5-0-g585888c2 on Windows; cwd md5: d26bc9b26e; save: region4 - Snow mountain; SC_WORLD_LOADED; game type DWARF_MAIN (0)
[2022-06-19T19:38:51-0700] DFHack 0.47.05-r5-0-g585888c2 on Windows; cwd md5: d26bc9b26e; save: region4 - Snow mountain; SC_MAP_LOADED; game type DWARF_MAIN (0)
[2022-06-19T20:04:52-0700] DFHack 0.47.05-r5-0-g585888c2 on Windows; cwd md5: d26bc9b26e; save: region4 - Snow mountain; SC_MAP_UNLOADED; game type DWARF_MAIN (0)
[2022-06-19T20:04:52-0700] DFHack 0.47.05-r5-0-g585888c2 on Windows; cwd md5: d26bc9b26e; save: region4 - Snow mountain; SC_WORLD_UNLOADED; game type DWARF_MAIN (0)
[2022-06-19T20:06:09-0700] DFHack 0.47.05-r5-0-g585888c2 on Windows; cwd md5: d26bc9b26e; save: region4 - Snow mountain; SC_WORLD_LOADED; game type DWARF_MAIN (0)
[2022-06-19T20:06:10-0700] DFHack 0.47.05-r5-0-g585888c2 on Windows; cwd md5: d26bc9b26e; save: region4 - Snow mountain; SC_MAP_LOADED; game type DWARF_MAIN (0)
[2022-06-19T20:18:25-0700] DFHack 0.47.05-r5-0-g585888c2 on Windows; cwd md5: d26bc9b26e; save: region4 - Snow mountain; SC_MAP_UNLOADED; game type DWARF_MAIN (0)
[2022-06-19T20:18:25-0700] DFHack 0.47.05-r5-0-g585888c2 on Windows; cwd md5: d26bc9b26e; save: region4 - Snow mountain; SC_WORLD_UNLOADED; game type DWARF_MAIN (0)
[2022-06-20T14:41:07-0700] DFHack 0.47.05-r5-0-g585888c2 on Windows; cwd md5: d26bc9b26e; save: region4 - Snow mountain; SC_WORLD_LOADED; game type DWARF_MAIN (0)
[2022-06-20T14:41:07-0700] DFHack 0.47.05-r5-0-g585888c2 on Windows; cwd md5: d26bc9b26e; save: region4 - Snow mountain; SC_MAP_LOADED; game type DWARF_MAIN (0)
[2022-06-20T16:41:34-0700] DFHack 0.47.05-r5-0-g585888c2 on Windows; cwd md5: d26bc9b26e; save: region4 - Snow mountain; SC_MAP_UNLOADED; game type DWARF_MAIN (0)
[2022-06-20T16:41:34-0700] DFHack 0.47.05-r5-0-g585888c2 on Windows; cwd md5: d26bc9b26e; save: region4 - Snow mountain; SC_WORLD_UNLOADED; game type DWARF_MAIN (0)
[2022-06-21T14:36:29-0700] DFHack 0.47.05-r6-0-g88ae50b9 on Windows; cwd md5: c978931b48; save: region4 - Snow mountain; SC_WORLD_LOADED; game type DWARF_MAIN (0)
[2022-06-21T14:36:29-0700] DFHack 0.47.05-r6-0-g88ae50b9 on Windows; cwd md5: c978931b48; save: region4 - Snow mountain; SC_MAP_LOADED; game type DWARF_MAIN (0)
[2022-06-21T14:36:33-0700] DFHack 0.47.05-r6-0-g88ae50b9 on Windows; cwd md5: c978931b48; save: region4 - Snow mountain; SC_MAP_UNLOADED; game type DWARF_MAIN (0)
[2022-06-21T14:36:33-0700] DFHack 0.47.05-r6-0-g88ae50b9 on Windows; cwd md5: c978931b48; save: region4 - Snow mountain; SC_WORLD_UNLOADED; game type DWARF_MAIN (0)
[2022-06-21T15:26:28-0700] DFHack 0.47.05-r6-0-g88ae50b9 on Windows; cwd md5: c978931b48; save: region4 - Snow mountain; SC_WORLD_LOADED; game type DWARF_MAIN (0)
[2022-06-21T15:26:29-0700] DFHack 0.47.05-r6-0-g88ae50b9 on Windows; cwd md5: c978931b48; save: region4 - Snow mountain; SC_MAP_LOADED; game type DWARF_MAIN (0)
[2022-06-21T15:42:00-0700] DFHack 0.47.05-r6-0-g88ae50b9 on Windows; cwd md5: c978931b48; save: region4 - Snow mountain; SC_MAP_UNLOADED; game type DWARF_MAIN (0)
[2022-06-21T15:42:00-0700] DFHack 0.47.05-r6-0-g88ae50b9 on Windows; cwd md5: c978931b48; save: region4 - Snow mountain; SC_WORLD_UNLOADED; game type DWARF_MAIN (0)
[2022-06-21T15:42:57-0700] DFHack 0.47.05-r6-0-g88ae50b9 on Windows; cwd md5: c978931b48; save: region4 - Snow mountain; SC_WORLD_LOADED; game type DWARF_MAIN (0)
[2022-06-21T15:42:58-0700] DFHack 0.47.05-r6-0-g88ae50b9 on Windows; cwd md5: c978931b48; save: region4 - Snow mountain; SC_MAP_LOADED; game type DWARF_MAIN (0)
[2022-06-21T15:58:21-0700] DFHack 0.47.05-r6-0-g88ae50b9 on Windows; cwd md5: c978931b48; save: region4 - Snow mountain; SC_MAP_UNLOADED; game type DWARF_MAIN (0)
[2022-06-21T15:58:21-0700] DFHack 0.47.05-r6-0-g88ae50b9 on Windows; cwd md5: c978931b48; save: region4 - Snow mountain; SC_WORLD_UNLOADED; game type DWARF_MAIN (0)
[2022-06-21T15:59:28-0700] DFHack 0.47.05-r6-0-g88ae50b9 on Windows; cwd md5: c978931b48; save: region4 - Snow mountain; SC_WORLD_LOADED; game type DWARF_MAIN (0)
[2022-06-21T15:59:29-0700] DFHack 0.47.05-r6-0-g88ae50b9 on Windows; cwd md5: c978931b48; save: region4 - Snow mountain; SC_MAP_LOADED; game type DWARF_MAIN (0)
[2022-06-21T16:46:48-0700] DFHack 0.47.05-r6-0-g88ae50b9 on Windows; cwd md5: c978931b48; save: region4 - Snow mountain; SC_MAP_UNLOADED; game type DWARF_MAIN (0)
[2022-06-21T16:46:48-0700] DFHack 0.47.05-r6-0-g88ae50b9 on Windows; cwd md5: c978931b48; save: region4 - Snow mountain; SC_WORLD_UNLOADED; game type DWARF_MAIN (0)
[2022-06-22T16:15:53-0700] DFHack 0.47.05-r6-0-g88ae50b9 on Windows; cwd md5: c978931b48; save: region4 - Snow mountain; SC_WORLD_LOADED; game type DWARF_MAIN (0)
[2022-06-22T16:15:53-0700] DFHack 0.47.05-r6-0-g88ae50b9 on Windows; cwd md5: c978931b48; save: region4 - Snow mountain; SC_MAP_LOADED; game type DWARF_MAIN (0)
[2022-06-22T17:17:11-0700] DFHack 0.47.05-r6-0-g88ae50b9 on Windows; cwd md5: c978931b48; save: region4 - Snow mountain; SC_MAP_UNLOADED; game type DWARF_MAIN (0)
[2022-06-22T17:17:11-0700] DFHack 0.47.05-r6-0-g88ae50b9 on Windows; cwd md5: c978931b48; save: region4 - Snow mountain; SC_WORLD_UNLOADED; game type DWARF_MAIN (0)
[2022-07-07T00:33:05-0700] DFHack 0.47.05-r6-0-g88ae50b9 on Windows; cwd md5: c978931b48; save: region4 - Snow mountain; SC_WORLD_LOADED; game type DWARF_MAIN (0)
[2022-07-07T00:33:06-0700] DFHack 0.47.05-r6-0-g88ae50b9 on Windows; cwd md5: c978931b48; save: region4 - Snow mountain; SC_MAP_LOADED; game type DWARF_MAIN (0)
[2022-07-07T00:39:09-0700] DFHack 0.47.05-r6-0-g88ae50b9 on Windows; cwd md5: c978931b48; save: region4 - Snow mountain; SC_MAP_UNLOADED; game type DWARF_MAIN (0)
[2022-07-07T00:39:09-0700] DFHack 0.47.05-r6-0-g88ae50b9 on Windows; cwd md5: c978931b48; save: region4 - Snow mountain; SC_WORLD_UNLOADED; game type DWARF_MAIN (0)
